{"/home/santi/Documentos/Projects/nodejs/web-socket-router/web-socket-router.js": {"path":"/home/santi/Documentos/Projects/nodejs/web-socket-router/web-socket-router.js","statementMap":{"0":{"start":{"line":8,"column":22},"end":{"line":785,"column":1}},"1":{"start":{"line":11,"column":15},"end":{"line":11,"column":23}},"2":{"start":{"line":14,"column":14},"end":{"line":14,"column":22}},"3":{"start":{"line":42,"column":6},"end":{"line":42,"column":47}},"4":{"start":{"line":46,"column":6},"end":{"line":46,"column":35}},"5":{"start":{"line":52,"column":6},"end":{"line":52,"column":29}},"6":{"start":{"line":56,"column":6},"end":{"line":56,"column":33}},"7":{"start":{"line":59,"column":6},"end":{"line":59,"column":21}},"8":{"start":{"line":74,"column":2},"end":{"line":98,"column":3}},"9":{"start":{"line":78,"column":4},"end":{"line":78,"column":29}},"10":{"start":{"line":83,"column":4},"end":{"line":83,"column":59}},"11":{"start":{"line":87,"column":4},"end":{"line":87,"column":51}},"12":{"start":{"line":91,"column":4},"end":{"line":91,"column":56}},"13":{"start":{"line":96,"column":4},"end":{"line":96,"column":57}},"14":{"start":{"line":110,"column":2},"end":{"line":112,"column":3}},"15":{"start":{"line":111,"column":6},"end":{"line":111,"column":48}},"16":{"start":{"line":125,"column":2},"end":{"line":131,"column":3}},"17":{"start":{"line":126,"column":4},"end":{"line":130,"column":5}},"18":{"start":{"line":127,"column":6},"end":{"line":127,"column":21}},"19":{"start":{"line":129,"column":6},"end":{"line":129,"column":104}},"20":{"start":{"line":143,"column":2},"end":{"line":159,"column":3}},"21":{"start":{"line":147,"column":4},"end":{"line":147,"column":31}},"22":{"start":{"line":150,"column":4},"end":{"line":152,"column":5}},"23":{"start":{"line":151,"column":8},"end":{"line":151,"column":27}},"24":{"start":{"line":157,"column":4},"end":{"line":157,"column":27}},"25":{"start":{"line":174,"column":2},"end":{"line":180,"column":3}},"26":{"start":{"line":175,"column":4},"end":{"line":179,"column":5}},"27":{"start":{"line":176,"column":8},"end":{"line":176,"column":54}},"28":{"start":{"line":178,"column":8},"end":{"line":178,"column":40}},"29":{"start":{"line":192,"column":2},"end":{"line":202,"column":3}},"30":{"start":{"line":193,"column":6},"end":{"line":193,"column":29}},"31":{"start":{"line":195,"column":6},"end":{"line":201,"column":7}},"32":{"start":{"line":196,"column":10},"end":{"line":196,"column":34}},"33":{"start":{"line":198,"column":10},"end":{"line":200,"column":11}},"34":{"start":{"line":199,"column":14},"end":{"line":199,"column":39}},"35":{"start":{"line":230,"column":4},"end":{"line":236,"column":5}},"36":{"start":{"line":239,"column":4},"end":{"line":239,"column":27}},"37":{"start":{"line":242,"column":4},"end":{"line":242,"column":21}},"38":{"start":{"line":245,"column":4},"end":{"line":245,"column":25}},"39":{"start":{"line":248,"column":4},"end":{"line":248,"column":30}},"40":{"start":{"line":252,"column":4},"end":{"line":252,"column":88}},"41":{"start":{"line":268,"column":2},"end":{"line":274,"column":3}},"42":{"start":{"line":269,"column":4},"end":{"line":273,"column":39}},"43":{"start":{"line":270,"column":8},"end":{"line":270,"column":42}},"44":{"start":{"line":271,"column":8},"end":{"line":271,"column":38}},"45":{"start":{"line":272,"column":8},"end":{"line":272,"column":41}},"46":{"start":{"line":273,"column":20},"end":{"line":273,"column":37}},"47":{"start":{"line":289,"column":2},"end":{"line":293,"column":3}},"48":{"start":{"line":290,"column":4},"end":{"line":292,"column":5}},"49":{"start":{"line":327,"column":2},"end":{"line":359,"column":3}},"50":{"start":{"line":328,"column":18},"end":{"line":328,"column":59}},"51":{"start":{"line":329,"column":6},"end":{"line":329,"column":31}},"52":{"start":{"line":331,"column":6},"end":{"line":358,"column":7}},"53":{"start":{"line":332,"column":10},"end":{"line":337,"column":11}},"54":{"start":{"line":333,"column":14},"end":{"line":334,"column":40}},"55":{"start":{"line":334,"column":18},"end":{"line":334,"column":40}},"56":{"start":{"line":336,"column":14},"end":{"line":336,"column":26}},"57":{"start":{"line":339,"column":10},"end":{"line":344,"column":11}},"58":{"start":{"line":340,"column":14},"end":{"line":341,"column":42}},"59":{"start":{"line":341,"column":18},"end":{"line":341,"column":42}},"60":{"start":{"line":343,"column":14},"end":{"line":343,"column":26}},"61":{"start":{"line":346,"column":10},"end":{"line":351,"column":11}},"62":{"start":{"line":347,"column":14},"end":{"line":348,"column":36}},"63":{"start":{"line":348,"column":18},"end":{"line":348,"column":36}},"64":{"start":{"line":350,"column":14},"end":{"line":350,"column":26}},"65":{"start":{"line":353,"column":10},"end":{"line":357,"column":11}},"66":{"start":{"line":354,"column":14},"end":{"line":354,"column":62}},"67":{"start":{"line":355,"column":14},"end":{"line":355,"column":52}},"68":{"start":{"line":356,"column":14},"end":{"line":356,"column":48}},"69":{"start":{"line":383,"column":2},"end":{"line":385,"column":3}},"70":{"start":{"line":384,"column":6},"end":{"line":384,"column":75}},"71":{"start":{"line":409,"column":2},"end":{"line":411,"column":3}},"72":{"start":{"line":410,"column":6},"end":{"line":410,"column":75}},"73":{"start":{"line":435,"column":2},"end":{"line":437,"column":3}},"74":{"start":{"line":436,"column":6},"end":{"line":436,"column":75}},"75":{"start":{"line":461,"column":2},"end":{"line":463,"column":3}},"76":{"start":{"line":462,"column":6},"end":{"line":462,"column":76}},"77":{"start":{"line":487,"column":2},"end":{"line":489,"column":3}},"78":{"start":{"line":488,"column":4},"end":{"line":488,"column":76}},"79":{"start":{"line":511,"column":2},"end":{"line":513,"column":3}},"80":{"start":{"line":512,"column":6},"end":{"line":512,"column":54}},"81":{"start":{"line":529,"column":2},"end":{"line":531,"column":4}},"82":{"start":{"line":530,"column":6},"end":{"line":530,"column":48}},"83":{"start":{"line":547,"column":2},"end":{"line":549,"column":4}},"84":{"start":{"line":548,"column":6},"end":{"line":548,"column":47}},"85":{"start":{"line":558,"column":2},"end":{"line":564,"column":3}},"86":{"start":{"line":559,"column":6},"end":{"line":563,"column":9}},"87":{"start":{"line":582,"column":2},"end":{"line":584,"column":3}},"88":{"start":{"line":583,"column":6},"end":{"line":583,"column":56}},"89":{"start":{"line":598,"column":2},"end":{"line":608,"column":3}},"90":{"start":{"line":599,"column":29},"end":{"line":599,"column":33}},"91":{"start":{"line":601,"column":6},"end":{"line":605,"column":9}},"92":{"start":{"line":602,"column":10},"end":{"line":604,"column":11}},"93":{"start":{"line":603,"column":14},"end":{"line":603,"column":39}},"94":{"start":{"line":607,"column":6},"end":{"line":607,"column":30}},"95":{"start":{"line":622,"column":2},"end":{"line":632,"column":3}},"96":{"start":{"line":623,"column":6},"end":{"line":625,"column":7}},"97":{"start":{"line":624,"column":10},"end":{"line":624,"column":23}},"98":{"start":{"line":627,"column":6},"end":{"line":629,"column":7}},"99":{"start":{"line":628,"column":10},"end":{"line":628,"column":23}},"100":{"start":{"line":631,"column":6},"end":{"line":631,"column":36}},"101":{"start":{"line":647,"column":2},"end":{"line":653,"column":3}},"102":{"start":{"line":648,"column":6},"end":{"line":650,"column":7}},"103":{"start":{"line":649,"column":10},"end":{"line":649,"column":23}},"104":{"start":{"line":652,"column":6},"end":{"line":652,"column":41}},"105":{"start":{"line":667,"column":2},"end":{"line":675,"column":3}},"106":{"start":{"line":668,"column":6},"end":{"line":674,"column":7}},"107":{"start":{"line":669,"column":10},"end":{"line":671,"column":11}},"108":{"start":{"line":670,"column":14},"end":{"line":670,"column":68}},"109":{"start":{"line":673,"column":10},"end":{"line":673,"column":60}},"110":{"start":{"line":688,"column":2},"end":{"line":706,"column":3}},"111":{"start":{"line":689,"column":16},"end":{"line":689,"column":18}},"112":{"start":{"line":692,"column":6},"end":{"line":696,"column":7}},"113":{"start":{"line":693,"column":10},"end":{"line":695,"column":11}},"114":{"start":{"line":694,"column":14},"end":{"line":694,"column":54}},"115":{"start":{"line":699,"column":6},"end":{"line":703,"column":7}},"116":{"start":{"line":700,"column":10},"end":{"line":702,"column":11}},"117":{"start":{"line":701,"column":14},"end":{"line":701,"column":58}},"118":{"start":{"line":705,"column":6},"end":{"line":705,"column":35}},"119":{"start":{"line":720,"column":2},"end":{"line":728,"column":3}},"120":{"start":{"line":721,"column":6},"end":{"line":727,"column":7}},"121":{"start":{"line":722,"column":10},"end":{"line":724,"column":11}},"122":{"start":{"line":723,"column":14},"end":{"line":723,"column":29}},"123":{"start":{"line":726,"column":10},"end":{"line":726,"column":48}},"124":{"start":{"line":741,"column":2},"end":{"line":745,"column":3}},"125":{"start":{"line":742,"column":6},"end":{"line":744,"column":49}},"126":{"start":{"line":759,"column":2},"end":{"line":761,"column":3}},"127":{"start":{"line":760,"column":6},"end":{"line":760,"column":58}},"128":{"start":{"line":775,"column":2},"end":{"line":781,"column":3}},"129":{"start":{"line":776,"column":6},"end":{"line":780,"column":7}},"130":{"start":{"line":777,"column":10},"end":{"line":779,"column":11}},"131":{"start":{"line":778,"column":14},"end":{"line":778,"column":60}},"132":{"start":{"line":783,"column":2},"end":{"line":783,"column":43}},"133":{"start":{"line":787,"column":0},"end":{"line":788,"column":37}},"134":{"start":{"line":788,"column":4},"end":{"line":788,"column":37}}},"fnMap":{"0":{"name":"(anonymous_0)","decl":{"start":{"line":8,"column":22},"end":{"line":8,"column":23}},"loc":{"start":{"line":8,"column":55},"end":{"line":785,"column":1}},"line":8},"1":{"name":"ConnectionHandler","decl":{"start":{"line":38,"column":11},"end":{"line":38,"column":28}},"loc":{"start":{"line":38,"column":60},"end":{"line":61,"column":3}},"line":38},"2":{"name":"(anonymous_2)","decl":{"start":{"line":74,"column":40},"end":{"line":74,"column":41}},"loc":{"start":{"line":74,"column":52},"end":{"line":98,"column":3}},"line":74},"3":{"name":"(anonymous_3)","decl":{"start":{"line":110,"column":41},"end":{"line":110,"column":42}},"loc":{"start":{"line":110,"column":60},"end":{"line":112,"column":3}},"line":110},"4":{"name":"(anonymous_4)","decl":{"start":{"line":125,"column":42},"end":{"line":125,"column":43}},"loc":{"start":{"line":125,"column":54},"end":{"line":131,"column":3}},"line":125},"5":{"name":"(anonymous_5)","decl":{"start":{"line":143,"column":38},"end":{"line":143,"column":39}},"loc":{"start":{"line":143,"column":50},"end":{"line":159,"column":3}},"line":143},"6":{"name":"(anonymous_6)","decl":{"start":{"line":174,"column":37},"end":{"line":174,"column":38}},"loc":{"start":{"line":174,"column":56},"end":{"line":180,"column":3}},"line":174},"7":{"name":"(anonymous_7)","decl":{"start":{"line":192,"column":27},"end":{"line":192,"column":28}},"loc":{"start":{"line":192,"column":39},"end":{"line":202,"column":3}},"line":192},"8":{"name":"(anonymous_8)","decl":{"start":{"line":198,"column":35},"end":{"line":198,"column":36}},"loc":{"start":{"line":198,"column":47},"end":{"line":200,"column":11}},"line":198},"9":{"name":"Router","decl":{"start":{"line":228,"column":11},"end":{"line":228,"column":17}},"loc":{"start":{"line":228,"column":42},"end":{"line":254,"column":3}},"line":228},"10":{"name":"(anonymous_10)","decl":{"start":{"line":268,"column":26},"end":{"line":268,"column":27}},"loc":{"start":{"line":268,"column":45},"end":{"line":274,"column":3}},"line":268},"11":{"name":"(anonymous_11)","decl":{"start":{"line":289,"column":38},"end":{"line":289,"column":39}},"loc":{"start":{"line":289,"column":55},"end":{"line":293,"column":3}},"line":289},"12":{"name":"(anonymous_12)","decl":{"start":{"line":327,"column":24},"end":{"line":327,"column":25}},"loc":{"start":{"line":327,"column":41},"end":{"line":359,"column":3}},"line":327},"13":{"name":"(anonymous_13)","decl":{"start":{"line":331,"column":17},"end":{"line":331,"column":18}},"loc":{"start":{"line":331,"column":29},"end":{"line":358,"column":7}},"line":331},"14":{"name":"(anonymous_14)","decl":{"start":{"line":332,"column":24},"end":{"line":332,"column":25}},"loc":{"start":{"line":332,"column":42},"end":{"line":337,"column":11}},"line":332},"15":{"name":"(anonymous_15)","decl":{"start":{"line":339,"column":25},"end":{"line":339,"column":26}},"loc":{"start":{"line":339,"column":44},"end":{"line":344,"column":11}},"line":339},"16":{"name":"(anonymous_16)","decl":{"start":{"line":346,"column":22},"end":{"line":346,"column":23}},"loc":{"start":{"line":346,"column":38},"end":{"line":351,"column":11}},"line":346},"17":{"name":"(anonymous_17)","decl":{"start":{"line":353,"column":29},"end":{"line":353,"column":30}},"loc":{"start":{"line":353,"column":41},"end":{"line":357,"column":11}},"line":353},"18":{"name":"(anonymous_18)","decl":{"start":{"line":383,"column":28},"end":{"line":383,"column":29}},"loc":{"start":{"line":383,"column":54},"end":{"line":385,"column":3}},"line":383},"19":{"name":"(anonymous_19)","decl":{"start":{"line":409,"column":28},"end":{"line":409,"column":29}},"loc":{"start":{"line":409,"column":54},"end":{"line":411,"column":3}},"line":409},"20":{"name":"(anonymous_20)","decl":{"start":{"line":435,"column":28},"end":{"line":435,"column":29}},"loc":{"start":{"line":435,"column":54},"end":{"line":437,"column":3}},"line":435},"21":{"name":"(anonymous_21)","decl":{"start":{"line":461,"column":29},"end":{"line":461,"column":30}},"loc":{"start":{"line":461,"column":55},"end":{"line":463,"column":3}},"line":461},"22":{"name":"(anonymous_22)","decl":{"start":{"line":487,"column":31},"end":{"line":487,"column":32}},"loc":{"start":{"line":487,"column":57},"end":{"line":489,"column":3}},"line":487},"23":{"name":"(anonymous_23)","decl":{"start":{"line":511,"column":31},"end":{"line":511,"column":32}},"loc":{"start":{"line":511,"column":48},"end":{"line":513,"column":3}},"line":511},"24":{"name":"(anonymous_24)","decl":{"start":{"line":529,"column":32},"end":{"line":529,"column":33}},"loc":{"start":{"line":529,"column":53},"end":{"line":531,"column":3}},"line":529},"25":{"name":"(anonymous_25)","decl":{"start":{"line":547,"column":31},"end":{"line":547,"column":32}},"loc":{"start":{"line":547,"column":52},"end":{"line":549,"column":3}},"line":547},"26":{"name":"(anonymous_26)","decl":{"start":{"line":558,"column":38},"end":{"line":558,"column":39}},"loc":{"start":{"line":558,"column":69},"end":{"line":564,"column":3}},"line":558},"27":{"name":"(anonymous_27)","decl":{"start":{"line":582,"column":29},"end":{"line":582,"column":30}},"loc":{"start":{"line":582,"column":48},"end":{"line":584,"column":3}},"line":582},"28":{"name":"(anonymous_28)","decl":{"start":{"line":598,"column":34},"end":{"line":598,"column":35}},"loc":{"start":{"line":598,"column":71},"end":{"line":608,"column":3}},"line":598},"29":{"name":"(anonymous_29)","decl":{"start":{"line":601,"column":39},"end":{"line":601,"column":40}},"loc":{"start":{"line":601,"column":53},"end":{"line":605,"column":7}},"line":601},"30":{"name":"(anonymous_30)","decl":{"start":{"line":622,"column":40},"end":{"line":622,"column":41}},"loc":{"start":{"line":622,"column":61},"end":{"line":632,"column":3}},"line":622},"31":{"name":"(anonymous_31)","decl":{"start":{"line":647,"column":39},"end":{"line":647,"column":40}},"loc":{"start":{"line":647,"column":71},"end":{"line":653,"column":3}},"line":647},"32":{"name":"(anonymous_32)","decl":{"start":{"line":667,"column":34},"end":{"line":667,"column":35}},"loc":{"start":{"line":667,"column":54},"end":{"line":675,"column":3}},"line":667},"33":{"name":"(anonymous_33)","decl":{"start":{"line":688,"column":30},"end":{"line":688,"column":31}},"loc":{"start":{"line":688,"column":46},"end":{"line":706,"column":3}},"line":688},"34":{"name":"(anonymous_34)","decl":{"start":{"line":720,"column":28},"end":{"line":720,"column":29}},"loc":{"start":{"line":720,"column":49},"end":{"line":728,"column":3}},"line":720},"35":{"name":"(anonymous_35)","decl":{"start":{"line":741,"column":29},"end":{"line":741,"column":30}},"loc":{"start":{"line":741,"column":42},"end":{"line":745,"column":3}},"line":741},"36":{"name":"(anonymous_36)","decl":{"start":{"line":759,"column":27},"end":{"line":759,"column":28}},"loc":{"start":{"line":759,"column":44},"end":{"line":761,"column":3}},"line":759},"37":{"name":"(anonymous_37)","decl":{"start":{"line":775,"column":33},"end":{"line":775,"column":34}},"loc":{"start":{"line":775,"column":59},"end":{"line":781,"column":3}},"line":775}},"branchMap":{"0":{"loc":{"start":{"line":126,"column":4},"end":{"line":130,"column":5}},"type":"if","locations":[{"start":{"line":126,"column":4},"end":{"line":130,"column":5}},{"start":{"line":126,"column":4},"end":{"line":130,"column":5}}],"line":126},"1":{"loc":{"start":{"line":195,"column":6},"end":{"line":201,"column":7}},"type":"if","locations":[{"start":{"line":195,"column":6},"end":{"line":201,"column":7}},{"start":{"line":195,"column":6},"end":{"line":201,"column":7}}],"line":195},"2":{"loc":{"start":{"line":333,"column":14},"end":{"line":334,"column":40}},"type":"if","locations":[{"start":{"line":333,"column":14},"end":{"line":334,"column":40}},{"start":{"line":333,"column":14},"end":{"line":334,"column":40}}],"line":333},"3":{"loc":{"start":{"line":340,"column":14},"end":{"line":341,"column":42}},"type":"if","locations":[{"start":{"line":340,"column":14},"end":{"line":341,"column":42}},{"start":{"line":340,"column":14},"end":{"line":341,"column":42}}],"line":340},"4":{"loc":{"start":{"line":347,"column":14},"end":{"line":348,"column":36}},"type":"if","locations":[{"start":{"line":347,"column":14},"end":{"line":348,"column":36}},{"start":{"line":347,"column":14},"end":{"line":348,"column":36}}],"line":347},"5":{"loc":{"start":{"line":602,"column":10},"end":{"line":604,"column":11}},"type":"if","locations":[{"start":{"line":602,"column":10},"end":{"line":604,"column":11}},{"start":{"line":602,"column":10},"end":{"line":604,"column":11}}],"line":602},"6":{"loc":{"start":{"line":623,"column":6},"end":{"line":625,"column":7}},"type":"if","locations":[{"start":{"line":623,"column":6},"end":{"line":625,"column":7}},{"start":{"line":623,"column":6},"end":{"line":625,"column":7}}],"line":623},"7":{"loc":{"start":{"line":627,"column":6},"end":{"line":629,"column":7}},"type":"if","locations":[{"start":{"line":627,"column":6},"end":{"line":629,"column":7}},{"start":{"line":627,"column":6},"end":{"line":629,"column":7}}],"line":627},"8":{"loc":{"start":{"line":627,"column":10},"end":{"line":627,"column":137}},"type":"binary-expr","locations":[{"start":{"line":627,"column":11},"end":{"line":627,"column":23}},{"start":{"line":627,"column":27},"end":{"line":627,"column":39}},{"start":{"line":627,"column":45},"end":{"line":627,"column":58}},{"start":{"line":627,"column":62},"end":{"line":627,"column":73}},{"start":{"line":627,"column":79},"end":{"line":627,"column":91}},{"start":{"line":627,"column":95},"end":{"line":627,"column":136}}],"line":627},"9":{"loc":{"start":{"line":648,"column":6},"end":{"line":650,"column":7}},"type":"if","locations":[{"start":{"line":648,"column":6},"end":{"line":650,"column":7}},{"start":{"line":648,"column":6},"end":{"line":650,"column":7}}],"line":648},"10":{"loc":{"start":{"line":668,"column":6},"end":{"line":674,"column":7}},"type":"if","locations":[{"start":{"line":668,"column":6},"end":{"line":674,"column":7}},{"start":{"line":668,"column":6},"end":{"line":674,"column":7}}],"line":668},"11":{"loc":{"start":{"line":670,"column":40},"end":{"line":670,"column":65}},"type":"cond-expr","locations":[{"start":{"line":670,"column":51},"end":{"line":670,"column":59}},{"start":{"line":670,"column":62},"end":{"line":670,"column":65}}],"line":670},"12":{"loc":{"start":{"line":673,"column":32},"end":{"line":673,"column":57}},"type":"cond-expr","locations":[{"start":{"line":673,"column":43},"end":{"line":673,"column":51}},{"start":{"line":673,"column":54},"end":{"line":673,"column":57}}],"line":673},"13":{"loc":{"start":{"line":693,"column":10},"end":{"line":695,"column":11}},"type":"if","locations":[{"start":{"line":693,"column":10},"end":{"line":695,"column":11}},{"start":{"line":693,"column":10},"end":{"line":695,"column":11}}],"line":693},"14":{"loc":{"start":{"line":700,"column":10},"end":{"line":702,"column":11}},"type":"if","locations":[{"start":{"line":700,"column":10},"end":{"line":702,"column":11}},{"start":{"line":700,"column":10},"end":{"line":702,"column":11}}],"line":700},"15":{"loc":{"start":{"line":777,"column":10},"end":{"line":779,"column":11}},"type":"if","locations":[{"start":{"line":777,"column":10},"end":{"line":779,"column":11}},{"start":{"line":777,"column":10},"end":{"line":779,"column":11}}],"line":777},"16":{"loc":{"start":{"line":787,"column":0},"end":{"line":788,"column":37}},"type":"if","locations":[{"start":{"line":787,"column":0},"end":{"line":788,"column":37}},{"start":{"line":787,"column":0},"end":{"line":788,"column":37}}],"line":787},"17":{"loc":{"start":{"line":787,"column":4},"end":{"line":787,"column":74}},"type":"binary-expr","locations":[{"start":{"line":787,"column":4},"end":{"line":787,"column":33}},{"start":{"line":787,"column":37},"end":{"line":787,"column":74}}],"line":787}},"s":{"0":1,"1":1,"2":1,"3":1,"4":1,"5":1,"6":1,"7":1,"8":1,"9":1,"10":1,"11":1,"12":1,"13":1,"14":1,"15":0,"16":1,"17":0,"18":0,"19":0,"20":1,"21":0,"22":0,"23":0,"24":0,"25":1,"26":4,"27":4,"28":0,"29":1,"30":0,"31":0,"32":0,"33":0,"34":0,"35":1,"36":1,"37":1,"38":1,"39":1,"40":1,"41":1,"42":4,"43":4,"44":4,"45":4,"46":0,"47":1,"48":1,"49":1,"50":1,"51":1,"52":1,"53":1,"54":0,"55":0,"56":0,"57":1,"58":0,"59":0,"60":0,"61":1,"62":0,"63":0,"64":0,"65":1,"66":0,"67":0,"68":0,"69":1,"70":0,"71":1,"72":0,"73":1,"74":0,"75":1,"76":0,"77":1,"78":0,"79":1,"80":0,"81":1,"82":0,"83":1,"84":0,"85":1,"86":0,"87":1,"88":0,"89":1,"90":0,"91":0,"92":0,"93":0,"94":0,"95":1,"96":0,"97":0,"98":0,"99":0,"100":0,"101":1,"102":0,"103":0,"104":0,"105":1,"106":0,"107":0,"108":0,"109":0,"110":1,"111":0,"112":0,"113":0,"114":0,"115":0,"116":0,"117":0,"118":0,"119":1,"120":2,"121":2,"122":4,"123":1,"124":1,"125":17,"126":1,"127":2,"128":1,"129":8,"130":0,"131":0,"132":1,"133":1,"134":1},"f":{"0":1,"1":1,"2":1,"3":0,"4":0,"5":0,"6":4,"7":0,"8":0,"9":1,"10":4,"11":1,"12":1,"13":1,"14":0,"15":0,"16":0,"17":0,"18":0,"19":0,"20":0,"21":0,"22":0,"23":0,"24":0,"25":0,"26":0,"27":0,"28":0,"29":0,"30":0,"31":0,"32":0,"33":0,"34":2,"35":17,"36":2,"37":8},"b":{"0":[0,0],"1":[0,0],"2":[0,0],"3":[0,0],"4":[0,0],"5":[0,0],"6":[0,0],"7":[0,0],"8":[0,0,0,0,0,0],"9":[0,0],"10":[0,0],"11":[0,0],"12":[0,0],"13":[0,0],"14":[0,0],"15":[0,0],"16":[1,0],"17":[1,1]},"_coverageSchema":"332fd63041d2c1bcb487cc26dd0d5f7d97098a6c","hash":"2463788d502a44acbf113dba5125a99f57e88b14"}
}
