TN:
SF:/home/santi/Documentos/Projects/nodejs/web-socket-router/web-socket-router.js
FN:8,(anonymous_0)
FN:38,ConnectionHandler
FN:74,(anonymous_2)
FN:110,(anonymous_3)
FN:125,(anonymous_4)
FN:143,(anonymous_5)
FN:174,(anonymous_6)
FN:192,(anonymous_7)
FN:198,(anonymous_8)
FN:228,Router
FN:268,(anonymous_10)
FN:289,(anonymous_11)
FN:327,(anonymous_12)
FN:331,(anonymous_13)
FN:332,(anonymous_14)
FN:339,(anonymous_15)
FN:346,(anonymous_16)
FN:353,(anonymous_17)
FN:383,(anonymous_18)
FN:409,(anonymous_19)
FN:435,(anonymous_20)
FN:461,(anonymous_21)
FN:487,(anonymous_22)
FN:511,(anonymous_23)
FN:529,(anonymous_24)
FN:547,(anonymous_25)
FN:558,(anonymous_26)
FN:582,(anonymous_27)
FN:598,(anonymous_28)
FN:601,(anonymous_29)
FN:622,(anonymous_30)
FN:647,(anonymous_31)
FN:667,(anonymous_32)
FN:688,(anonymous_33)
FN:720,(anonymous_34)
FN:741,(anonymous_35)
FN:759,(anonymous_36)
FN:775,(anonymous_37)
FNF:38
FNH:13
FNDA:1,(anonymous_0)
FNDA:1,ConnectionHandler
FNDA:1,(anonymous_2)
FNDA:0,(anonymous_3)
FNDA:0,(anonymous_4)
FNDA:0,(anonymous_5)
FNDA:4,(anonymous_6)
FNDA:0,(anonymous_7)
FNDA:0,(anonymous_8)
FNDA:1,Router
FNDA:4,(anonymous_10)
FNDA:1,(anonymous_11)
FNDA:1,(anonymous_12)
FNDA:1,(anonymous_13)
FNDA:0,(anonymous_14)
FNDA:0,(anonymous_15)
FNDA:0,(anonymous_16)
FNDA:0,(anonymous_17)
FNDA:0,(anonymous_18)
FNDA:0,(anonymous_19)
FNDA:0,(anonymous_20)
FNDA:0,(anonymous_21)
FNDA:0,(anonymous_22)
FNDA:0,(anonymous_23)
FNDA:0,(anonymous_24)
FNDA:0,(anonymous_25)
FNDA:0,(anonymous_26)
FNDA:0,(anonymous_27)
FNDA:0,(anonymous_28)
FNDA:0,(anonymous_29)
FNDA:0,(anonymous_30)
FNDA:0,(anonymous_31)
FNDA:0,(anonymous_32)
FNDA:0,(anonymous_33)
FNDA:2,(anonymous_34)
FNDA:17,(anonymous_35)
FNDA:2,(anonymous_36)
FNDA:8,(anonymous_37)
DA:8,1
DA:11,1
DA:14,1
DA:42,1
DA:46,1
DA:52,1
DA:56,1
DA:59,1
DA:74,1
DA:78,1
DA:83,1
DA:87,1
DA:91,1
DA:96,1
DA:110,1
DA:111,0
DA:125,1
DA:126,0
DA:127,0
DA:129,0
DA:143,1
DA:147,0
DA:150,0
DA:151,0
DA:157,0
DA:174,1
DA:175,4
DA:176,4
DA:178,0
DA:192,1
DA:193,0
DA:195,0
DA:196,0
DA:198,0
DA:199,0
DA:230,1
DA:239,1
DA:242,1
DA:245,1
DA:248,1
DA:252,1
DA:268,1
DA:269,4
DA:270,4
DA:271,4
DA:272,4
DA:273,0
DA:289,1
DA:290,1
DA:327,1
DA:328,1
DA:329,1
DA:331,1
DA:332,1
DA:333,0
DA:334,0
DA:336,0
DA:339,1
DA:340,0
DA:341,0
DA:343,0
DA:346,1
DA:347,0
DA:348,0
DA:350,0
DA:353,1
DA:354,0
DA:355,0
DA:356,0
DA:383,1
DA:384,0
DA:409,1
DA:410,0
DA:435,1
DA:436,0
DA:461,1
DA:462,0
DA:487,1
DA:488,0
DA:511,1
DA:512,0
DA:529,1
DA:530,0
DA:547,1
DA:548,0
DA:558,1
DA:559,0
DA:582,1
DA:583,0
DA:598,1
DA:599,0
DA:601,0
DA:602,0
DA:603,0
DA:607,0
DA:622,1
DA:623,0
DA:624,0
DA:627,0
DA:628,0
DA:631,0
DA:647,1
DA:648,0
DA:649,0
DA:652,0
DA:667,1
DA:668,0
DA:669,0
DA:670,0
DA:673,0
DA:688,1
DA:689,0
DA:692,0
DA:693,0
DA:694,0
DA:699,0
DA:700,0
DA:701,0
DA:705,0
DA:720,1
DA:721,2
DA:722,2
DA:723,4
DA:726,1
DA:741,1
DA:742,17
DA:759,1
DA:760,2
DA:775,1
DA:776,8
DA:777,0
DA:778,0
DA:783,1
DA:787,1
DA:788,1
LF:135
LH:71
BRDA:126,0,0,0
BRDA:126,0,1,0
BRDA:195,1,0,0
BRDA:195,1,1,0
BRDA:333,2,0,0
BRDA:333,2,1,0
BRDA:340,3,0,0
BRDA:340,3,1,0
BRDA:347,4,0,0
BRDA:347,4,1,0
BRDA:602,5,0,0
BRDA:602,5,1,0
BRDA:623,6,0,0
BRDA:623,6,1,0
BRDA:627,7,0,0
BRDA:627,7,1,0
BRDA:627,8,0,0
BRDA:627,8,1,0
BRDA:627,8,2,0
BRDA:627,8,3,0
BRDA:627,8,4,0
BRDA:627,8,5,0
BRDA:648,9,0,0
BRDA:648,9,1,0
BRDA:668,10,0,0
BRDA:668,10,1,0
BRDA:670,11,0,0
BRDA:670,11,1,0
BRDA:673,12,0,0
BRDA:673,12,1,0
BRDA:693,13,0,0
BRDA:693,13,1,0
BRDA:700,14,0,0
BRDA:700,14,1,0
BRDA:777,15,0,0
BRDA:777,15,1,0
BRDA:787,16,0,1
BRDA:787,16,1,0
BRDA:787,17,0,1
BRDA:787,17,1,1
BRF:40
BRH:3
end_of_record
